---------------------------------------------
Reino muy muy Lejano:Mon Feb 11 20:34:11 COT 2013
---------------------------------------------
java.io.EOFException
	at java.io.ObjectInputStream$PeekInputStream.readFully(Unknown Source)
	at java.io.ObjectInputStream$BlockDataInputStream.readShort(Unknown Source)
	at java.io.ObjectInputStream.readStreamHeader(Unknown Source)
	at java.io.ObjectInputStream.<init>(Unknown Source)
	at Mundo.Reino.cargarInfoReino(Reino.java:288)
	at Mundo.Reino.<init>(Reino.java:21)
	at Interfaz.InterfazReino.main(InterfazReino.java:110)
---------------------------------------------
Reino muy muy Lejano:Mon Feb 11 20:35:31 COT 2013
---------------------------------------------
java.io.EOFException
	at java.io.ObjectInputStream$PeekInputStream.readFully(Unknown Source)
	at java.io.ObjectInputStream$BlockDataInputStream.readShort(Unknown Source)
	at java.io.ObjectInputStream.readStreamHeader(Unknown Source)
	at java.io.ObjectInputStream.<init>(Unknown Source)
	at Mundo.Reino.cargarInfoReino(Reino.java:288)
	at Mundo.Reino.<init>(Reino.java:21)
	at Interfaz.InterfazReino.main(InterfazReino.java:110)
---------------------------------------------
Reino muy muy Lejano:Mon Feb 11 20:40:25 COT 2013
---------------------------------------------
java.io.EOFException
	at java.io.ObjectInputStream$PeekInputStream.readFully(Unknown Source)
	at java.io.ObjectInputStream$BlockDataInputStream.readShort(Unknown Source)
	at java.io.ObjectInputStream.readStreamHeader(Unknown Source)
	at java.io.ObjectInputStream.<init>(Unknown Source)
	at Mundo.Reino.cargarInfoReino(Reino.java:288)
	at Mundo.Reino.<init>(Reino.java:21)
	at Interfaz.InterfazReino.main(InterfazReino.java:110)
---------------------------------------------
Reino muy muy Lejano:Tue Feb 12 18:21:35 COT 2013
---------------------------------------------
java.io.EOFException
	at java.io.ObjectInputStream$PeekInputStream.readFully(Unknown Source)
	at java.io.ObjectInputStream$BlockDataInputStream.readShort(Unknown Source)
	at java.io.ObjectInputStream.readStreamHeader(Unknown Source)
	at java.io.ObjectInputStream.<init>(Unknown Source)
	at Mundo.Reino.cargarInfoReino(Reino.java:283)
	at Mundo.Reino.<init>(Reino.java:21)
	at test.ReinoTest.setupEscenario2(ReinoTest.java:42)
	at test.ReinoTest.testRegistrarPersonificacion(ReinoTest.java:49)
	at sun.reflect.NativeMethodAccessorImpl.invoke0(Native Method)
	at sun.reflect.NativeMethodAccessorImpl.invoke(Unknown Source)
	at sun.reflect.DelegatingMethodAccessorImpl.invoke(Unknown Source)
	at java.lang.reflect.Method.invoke(Unknown Source)
	at junit.framework.TestCase.runTest(TestCase.java:164)
	at junit.framework.TestCase.runBare(TestCase.java:130)
	at junit.framework.TestResult$1.protect(TestResult.java:106)
	at junit.framework.TestResult.runProtected(TestResult.java:124)
	at junit.framework.TestResult.run(TestResult.java:109)
	at junit.framework.TestCase.run(TestCase.java:120)
	at junit.framework.TestSuite.runTest(TestSuite.java:230)
	at junit.framework.TestSuite.run(TestSuite.java:225)
	at org.eclipse.jdt.internal.junit.runner.junit3.JUnit3TestReference.run(JUnit3TestReference.java:130)
	at org.eclipse.jdt.internal.junit.runner.TestExecution.run(TestExecution.java:38)
	at org.eclipse.jdt.internal.junit.runner.RemoteTestRunner.runTests(RemoteTestRunner.java:467)
	at org.eclipse.jdt.internal.junit.runner.RemoteTestRunner.runTests(RemoteTestRunner.java:683)
	at org.eclipse.jdt.internal.junit.runner.RemoteTestRunner.run(RemoteTestRunner.java:390)
	at org.eclipse.jdt.internal.junit.runner.RemoteTestRunner.main(RemoteTestRunner.java:197)
---------------------------------------------
Reino muy muy Lejano:Tue Feb 12 18:27:13 COT 2013
---------------------------------------------
java.io.EOFException
	at java.io.ObjectInputStream$PeekInputStream.readFully(Unknown Source)
	at java.io.ObjectInputStream$BlockDataInputStream.readShort(Unknown Source)
	at java.io.ObjectInputStream.readStreamHeader(Unknown Source)
	at java.io.ObjectInputStream.<init>(Unknown Source)
	at Mundo.Reino.cargarInfoReino(Reino.java:283)
	at Mundo.Reino.<init>(Reino.java:21)
	at test.ReinoTest.setupEscenario2(ReinoTest.java:44)
	at test.ReinoTest.testRegistrarPersonificacion(ReinoTest.java:51)
	at sun.reflect.NativeMethodAccessorImpl.invoke0(Native Method)
	at sun.reflect.NativeMethodAccessorImpl.invoke(Unknown Source)
	at sun.reflect.DelegatingMethodAccessorImpl.invoke(Unknown Source)
	at java.lang.reflect.Method.invoke(Unknown Source)
	at junit.framework.TestCase.runTest(TestCase.java:164)
	at junit.framework.TestCase.runBare(TestCase.java:130)
	at junit.framework.TestResult$1.protect(TestResult.java:106)
	at junit.framework.TestResult.runProtected(TestResult.java:124)
	at junit.framework.TestResult.run(TestResult.java:109)
	at junit.framework.TestCase.run(TestCase.java:120)
	at junit.framework.TestSuite.runTest(TestSuite.java:230)
	at junit.framework.TestSuite.run(TestSuite.java:225)
	at org.eclipse.jdt.internal.junit.runner.junit3.JUnit3TestReference.run(JUnit3TestReference.java:130)
	at org.eclipse.jdt.internal.junit.runner.TestExecution.run(TestExecution.java:38)
	at org.eclipse.jdt.internal.junit.runner.RemoteTestRunner.runTests(RemoteTestRunner.java:467)
	at org.eclipse.jdt.internal.junit.runner.RemoteTestRunner.runTests(RemoteTestRunner.java:683)
	at org.eclipse.jdt.internal.junit.runner.RemoteTestRunner.run(RemoteTestRunner.java:390)
	at org.eclipse.jdt.internal.junit.runner.RemoteTestRunner.main(RemoteTestRunner.java:197)
---------------------------------------------
Reino muy muy Lejano:Tue Feb 12 18:31:52 COT 2013
---------------------------------------------
java.io.EOFException
	at java.io.ObjectInputStream$PeekInputStream.readFully(Unknown Source)
	at java.io.ObjectInputStream$BlockDataInputStream.readShort(Unknown Source)
	at java.io.ObjectInputStream.readStreamHeader(Unknown Source)
	at java.io.ObjectInputStream.<init>(Unknown Source)
	at Mundo.Reino.cargarInfoReino(Reino.java:283)
	at Mundo.Reino.<init>(Reino.java:21)
	at test.ReinoTest.setupEscenario2(ReinoTest.java:44)
	at test.ReinoTest.testRegistrarPersonificacion(ReinoTest.java:51)
	at sun.reflect.NativeMethodAccessorImpl.invoke0(Native Method)
	at sun.reflect.NativeMethodAccessorImpl.invoke(Unknown Source)
	at sun.reflect.DelegatingMethodAccessorImpl.invoke(Unknown Source)
	at java.lang.reflect.Method.invoke(Unknown Source)
	at junit.framework.TestCase.runTest(TestCase.java:164)
	at junit.framework.TestCase.runBare(TestCase.java:130)
	at junit.framework.TestResult$1.protect(TestResult.java:106)
	at junit.framework.TestResult.runProtected(TestResult.java:124)
	at junit.framework.TestResult.run(TestResult.java:109)
	at junit.framework.TestCase.run(TestCase.java:120)
	at junit.framework.TestSuite.runTest(TestSuite.java:230)
	at junit.framework.TestSuite.run(TestSuite.java:225)
	at org.eclipse.jdt.internal.junit.runner.junit3.JUnit3TestReference.run(JUnit3TestReference.java:130)
	at org.eclipse.jdt.internal.junit.runner.TestExecution.run(TestExecution.java:38)
	at org.eclipse.jdt.internal.junit.runner.RemoteTestRunner.runTests(RemoteTestRunner.java:467)
	at org.eclipse.jdt.internal.junit.runner.RemoteTestRunner.runTests(RemoteTestRunner.java:683)
	at org.eclipse.jdt.internal.junit.runner.RemoteTestRunner.run(RemoteTestRunner.java:390)
	at org.eclipse.jdt.internal.junit.runner.RemoteTestRunner.main(RemoteTestRunner.java:197)
---------------------------------------------
Reino muy muy Lejano:Tue Feb 12 18:33:27 COT 2013
---------------------------------------------
java.io.EOFException
	at java.io.ObjectInputStream$PeekInputStream.readFully(Unknown Source)
	at java.io.ObjectInputStream$BlockDataInputStream.readShort(Unknown Source)
	at java.io.ObjectInputStream.readStreamHeader(Unknown Source)
	at java.io.ObjectInputStream.<init>(Unknown Source)
	at Mundo.Reino.cargarInfoReino(Reino.java:283)
	at Mundo.Reino.<init>(Reino.java:21)
	at test.ReinoTest.setupEscenario2(ReinoTest.java:44)
	at test.ReinoTest.testRegistrarPersonificacion(ReinoTest.java:51)
	at sun.reflect.NativeMethodAccessorImpl.invoke0(Native Method)
	at sun.reflect.NativeMethodAccessorImpl.invoke(Unknown Source)
	at sun.reflect.DelegatingMethodAccessorImpl.invoke(Unknown Source)
	at java.lang.reflect.Method.invoke(Unknown Source)
	at junit.framework.TestCase.runTest(TestCase.java:164)
	at junit.framework.TestCase.runBare(TestCase.java:130)
	at junit.framework.TestResult$1.protect(TestResult.java:106)
	at junit.framework.TestResult.runProtected(TestResult.java:124)
	at junit.framework.TestResult.run(TestResult.java:109)
	at junit.framework.TestCase.run(TestCase.java:120)
	at junit.framework.TestSuite.runTest(TestSuite.java:230)
	at junit.framework.TestSuite.run(TestSuite.java:225)
	at org.eclipse.jdt.internal.junit.runner.junit3.JUnit3TestReference.run(JUnit3TestReference.java:130)
	at org.eclipse.jdt.internal.junit.runner.TestExecution.run(TestExecution.java:38)
	at org.eclipse.jdt.internal.junit.runner.RemoteTestRunner.runTests(RemoteTestRunner.java:467)
	at org.eclipse.jdt.internal.junit.runner.RemoteTestRunner.runTests(RemoteTestRunner.java:683)
	at org.eclipse.jdt.internal.junit.runner.RemoteTestRunner.run(RemoteTestRunner.java:390)
	at org.eclipse.jdt.internal.junit.runner.RemoteTestRunner.main(RemoteTestRunner.java:197)
---------------------------------------------
Reino muy muy Lejano:Tue Feb 12 18:37:22 COT 2013
---------------------------------------------
java.io.EOFException
	at java.io.ObjectInputStream$PeekInputStream.readFully(Unknown Source)
	at java.io.ObjectInputStream$BlockDataInputStream.readShort(Unknown Source)
	at java.io.ObjectInputStream.readStreamHeader(Unknown Source)
	at java.io.ObjectInputStream.<init>(Unknown Source)
	at Mundo.Reino.cargarInfoReino(Reino.java:283)
	at Mundo.Reino.<init>(Reino.java:21)
	at test.ReinoTest.septupEscenario1(ReinoTest.java:20)
	at test.ReinoTest.testRegistrarPersonificacion(ReinoTest.java:53)
	at sun.reflect.NativeMethodAccessorImpl.invoke0(Native Method)
	at sun.reflect.NativeMethodAccessorImpl.invoke(Unknown Source)
	at sun.reflect.DelegatingMethodAccessorImpl.invoke(Unknown Source)
	at java.lang.reflect.Method.invoke(Unknown Source)
	at junit.framework.TestCase.runTest(TestCase.java:164)
	at junit.framework.TestCase.runBare(TestCase.java:130)
	at junit.framework.TestResult$1.protect(TestResult.java:106)
	at junit.framework.TestResult.runProtected(TestResult.java:124)
	at junit.framework.TestResult.run(TestResult.java:109)
	at junit.framework.TestCase.run(TestCase.java:120)
	at junit.framework.TestSuite.runTest(TestSuite.java:230)
	at junit.framework.TestSuite.run(TestSuite.java:225)
	at org.eclipse.jdt.internal.junit.runner.junit3.JUnit3TestReference.run(JUnit3TestReference.java:130)
	at org.eclipse.jdt.internal.junit.runner.TestExecution.run(TestExecution.java:38)
	at org.eclipse.jdt.internal.junit.runner.RemoteTestRunner.runTests(RemoteTestRunner.java:467)
	at org.eclipse.jdt.internal.junit.runner.RemoteTestRunner.runTests(RemoteTestRunner.java:683)
	at org.eclipse.jdt.internal.junit.runner.RemoteTestRunner.run(RemoteTestRunner.java:390)
	at org.eclipse.jdt.internal.junit.runner.RemoteTestRunner.main(RemoteTestRunner.java:197)
---------------------------------------------
Reino muy muy Lejano:Tue Feb 12 18:39:24 COT 2013
---------------------------------------------
java.io.EOFException
	at java.io.ObjectInputStream$PeekInputStream.readFully(Unknown Source)
	at java.io.ObjectInputStream$BlockDataInputStream.readShort(Unknown Source)
	at java.io.ObjectInputStream.readStreamHeader(Unknown Source)
	at java.io.ObjectInputStream.<init>(Unknown Source)
	at Mundo.Reino.cargarInfoReino(Reino.java:283)
	at Mundo.Reino.<init>(Reino.java:21)
	at test.ReinoTest.septupEscenario1(ReinoTest.java:20)
	at test.ReinoTest.testRegistrarPersonificacion(ReinoTest.java:53)
	at sun.reflect.NativeMethodAccessorImpl.invoke0(Native Method)
	at sun.reflect.NativeMethodAccessorImpl.invoke(Unknown Source)
	at sun.reflect.DelegatingMethodAccessorImpl.invoke(Unknown Source)
	at java.lang.reflect.Method.invoke(Unknown Source)
	at junit.framework.TestCase.runTest(TestCase.java:164)
	at junit.framework.TestCase.runBare(TestCase.java:130)
	at junit.framework.TestResult$1.protect(TestResult.java:106)
	at junit.framework.TestResult.runProtected(TestResult.java:124)
	at junit.framework.TestResult.run(TestResult.java:109)
	at junit.framework.TestCase.run(TestCase.java:120)
	at junit.framework.TestSuite.runTest(TestSuite.java:230)
	at junit.framework.TestSuite.run(TestSuite.java:225)
	at org.eclipse.jdt.internal.junit.runner.junit3.JUnit3TestReference.run(JUnit3TestReference.java:130)
	at org.eclipse.jdt.internal.junit.runner.TestExecution.run(TestExecution.java:38)
	at org.eclipse.jdt.internal.junit.runner.RemoteTestRunner.runTests(RemoteTestRunner.java:467)
	at org.eclipse.jdt.internal.junit.runner.RemoteTestRunner.runTests(RemoteTestRunner.java:683)
	at org.eclipse.jdt.internal.junit.runner.RemoteTestRunner.run(RemoteTestRunner.java:390)
	at org.eclipse.jdt.internal.junit.runner.RemoteTestRunner.main(RemoteTestRunner.java:197)
---------------------------------------------
Reino muy muy Lejano:Wed Feb 13 19:48:59 COT 2013
---------------------------------------------
java.io.EOFException
	at java.io.ObjectInputStream$PeekInputStream.readFully(Unknown Source)
	at java.io.ObjectInputStream$BlockDataInputStream.readShort(Unknown Source)
	at java.io.ObjectInputStream.readStreamHeader(Unknown Source)
	at java.io.ObjectInputStream.<init>(Unknown Source)
	at Mundo.Reino.cargarInfoReino(Reino.java:268)
	at Mundo.Reino.<init>(Reino.java:27)
	at Interfaz.InterfazReino.main(InterfazReino.java:279)
